<?xml version="1.0" encoding="UTF-8"?>
<!-- Generated by org.testng.reporters.JUnitReportReporter -->
<testsuite skipped="0" hostname="DESKTOP-9OKFGB2" name="com.TestV.testCases.Login_TC_001" tests="1" failures="0" timestamp="2020-10-02T19:41:44 IST" time="22.843" errors="0">
  <testcase name="LoginTest" time="22.843" classname="com.TestV.testCases.Login_TC_001"/>
  <system-out/>
</testsuite> <!-- com.TestV.testCases.Login_TC_001 -->
