<?xml version="1.0" encoding="UTF-8"?>
<!-- Generated by org.testng.reporters.JUnitReportReporter -->
<testsuite skipped="0" hostname="DESKTOP-9OKFGB2" name="com.TestV.testCases.TC_001_NDTVWeatherDetails" tests="1" failures="0" timestamp="2020-10-05T01:12:40 IST" time="23.952" errors="0">
  <testcase name="getNDTVWeatherDetails" time="23.952" classname="com.TestV.testCases.TC_001_NDTVWeatherDetails"/>
  <system-out/>
</testsuite> <!-- com.TestV.testCases.TC_001_NDTVWeatherDetails -->
