<?xml version="1.0" encoding="UTF-8"?>
<!-- Generated by org.testng.reporters.JUnitReportReporter -->
<testsuite skipped="0" hostname="DESKTOP-9OKFGB2" name="com.TestV.utilities.ReadUserInputFromExcel2" tests="2" failures="0" timestamp="2020-10-05T20:50:26 IST" time="0.020" errors="0">
  <testcase name="getWeatherDetails" time="0.014" classname="com.TestV.utilities.ReadUserInputFromExcel2"/>
  <system-out/>
  <testcase name="getWeatherDetails" time="0.006" classname="com.TestV.utilities.ReadUserInputFromExcel2"/>
  <system-out/>
</testsuite> <!-- com.TestV.utilities.ReadUserInputFromExcel2 -->
