<?xml version="1.0" encoding="UTF-8"?>
<!-- Generated by org.testng.reporters.JUnitReportReporter -->
<testsuite skipped="0" hostname="DESKTOP-9OKFGB2" name="com.TestV.utilities.ReadUserInputFromExcel" tests="1" failures="0" timestamp="2020-10-04T21:43:13 IST" time="0.018" errors="0">
  <testcase name="setUserWeatherDetails" time="0.018" classname="com.TestV.utilities.ReadUserInputFromExcel"/>
  <system-out/>
</testsuite> <!-- com.TestV.utilities.ReadUserInputFromExcel -->
