<?xml version="1.0" encoding="UTF-8"?>
<!-- Generated by org.testng.reporters.JUnitReportReporter -->
<testsuite skipped="0" hostname="DESKTOP-9OKFGB2" name="com.TestV.testCases.TC_003_Compare_NDTV_API" tests="1" failures="0" timestamp="2020-10-07T01:53:38 IST" time="0.009" errors="0">
  <testcase name="compareNDTV_API" time="0.009" classname="com.TestV.testCases.TC_003_Compare_NDTV_API"/>
  <system-out/>
</testsuite> <!-- com.TestV.testCases.TC_003_Compare_NDTV_API -->
