<?xml version="1.0" encoding="UTF-8"?>
<!-- Generated by org.testng.reporters.JUnitReportReporter -->
<testsuite skipped="0" hostname="DESKTOP-9OKFGB2" name="com.hybrid.testCases.Login_TC_001" tests="1" failures="0" timestamp="2020-09-30T15:34:38 IST" time="3.151" errors="0">
  <testcase name="LoginTest" time="3.151" classname="com.hybrid.testCases.Login_TC_001"/>
  <system-out/>
</testsuite> <!-- com.hybrid.testCases.Login_TC_001 -->
