<?xml version="1.0" encoding="UTF-8"?>
<!-- Generated by org.testng.reporters.JUnitReportReporter -->
<testsuite skipped="0" hostname="DESKTOP-9OKFGB2" name="com.TestV.apiTestCases.Test_001_GetRequestWeather" tests="9" failures="0" timestamp="2020-10-04T01:38:12 IST" time="1.947" errors="0">
  <testcase name="fetchResponseWindSpeed" time="0.033" classname="com.TestV.apiTestCases.Test_001_GetRequestWeather"/>
  <system-out/>
  <testcase name="checkResponseBody" time="0.009" classname="com.TestV.apiTestCases.Test_001_GetRequestWeather"/>
  <system-out/>
  <testcase name="fetchResponseWeather" time="0.201" classname="com.TestV.apiTestCases.Test_001_GetRequestWeather"/>
  <system-out/>
  <testcase name="checkResponseTime" time="0.009" classname="com.TestV.apiTestCases.Test_001_GetRequestWeather"/>
  <system-out/>
  <testcase name="fetchResponseCityName" time="1.631" classname="com.TestV.apiTestCases.Test_001_GetRequestWeather"/>
  <system-out/>
  <testcase name="checkResponseStatusLine" time="0.003" classname="com.TestV.apiTestCases.Test_001_GetRequestWeather"/>
  <system-out/>
  <testcase name="fetchResponseTemp" time="0.030" classname="com.TestV.apiTestCases.Test_001_GetRequestWeather"/>
  <system-out/>
  <testcase name="checkResponseStatusCode" time="0.005" classname="com.TestV.apiTestCases.Test_001_GetRequestWeather"/>
  <system-out/>
  <testcase name="fetchResponseHumidity" time="0.026" classname="com.TestV.apiTestCases.Test_001_GetRequestWeather"/>
  <system-out/>
</testsuite> <!-- com.TestV.apiTestCases.Test_001_GetRequestWeather -->
