<?xml version="1.0" encoding="UTF-8"?>
<!-- Generated by org.testng.reporters.JUnitReportReporter -->
<testsuite skipped="0" hostname="DESKTOP-9OKFGB2" name="com.TestV.utilities.Comparator" tests="5" failures="0" timestamp="2020-10-04T01:17:49 IST" time="0.016" errors="0">
  <testcase name="compareCityName" time="0.003" classname="com.TestV.utilities.Comparator"/>
  <system-out/>
  <testcase name="compareWeatherCondition" time="0.005" classname="com.TestV.utilities.Comparator"/>
  <system-out/>
  <testcase name="compareWindSpeed" time="0.003" classname="com.TestV.utilities.Comparator"/>
  <system-out/>
  <testcase name="compareHumidity" time="0.003" classname="com.TestV.utilities.Comparator"/>
  <system-out/>
  <testcase name="compareTemp" time="0.002" classname="com.TestV.utilities.Comparator"/>
  <system-out/>
</testsuite> <!-- com.TestV.utilities.Comparator -->
