<?xml version="1.0" encoding="UTF-8"?>
<!-- Generated by org.testng.reporters.JUnitReportReporter -->
<testsuite skipped="0" hostname="DESKTOP-9OKFGB2" name="com.TestV.apiTestCases.Test_002_GetRequestWeather" tests="1" failures="0" timestamp="2020-10-04T21:41:01 IST" time="5.098" errors="0">
  <testcase name="getAPIWeatherDetails" time="5.098" classname="com.TestV.apiTestCases.Test_002_GetRequestWeather"/>
  <system-out/>
</testsuite> <!-- com.TestV.apiTestCases.Test_002_GetRequestWeather -->
